<?xml version="1.0" encoding="UTF-8"?>
<results version="2">
    <cppcheck version="2.7"/>
    <errors>
        <error id="assertWithSideEffect" severity="warning" msg="Assert statement calls a function which may have desired side effects: &apos;align&apos;." verbose="Non-pure function: &apos;align&apos; is called inside assert statement. Assert statements are removed from release builds so the code inside assert statement is not executed. If the code is needed also in release builds, this is a bug." cwe="398" file0="common/measurement.cpp">
            <location file="third-party/rapidxml/rapidxml.hpp" line="554" column="59"/>
        </error>
        <error id="uninitMemberVar" severity="warning" msg="Member variable &apos;fps_calc::_last_frame_counter&apos; is not initialized in the constructor." verbose="Member variable &apos;fps_calc::_last_frame_counter&apos; is not initialized in the constructor." cwe="398" file0="common/measurement.cpp">
            <location file="common/rendering.h" line="58" column="9"/>
        </error>
        <error id="uninitMemberVar" severity="warning" msg="Member variable &apos;fps_calc::_last_frame_counter&apos; is not initialized in the constructor." verbose="Member variable &apos;fps_calc::_last_frame_counter&apos; is not initialized in the constructor." cwe="398" file0="common/measurement.cpp">
            <location file="common/rendering.h" line="65" column="9"/>
        </error>
        <error id="uninitMemberVar" severity="warning" msg="Member variable &apos;position_params::mid_y&apos; is not initialized in the constructor." verbose="Member variable &apos;position_params::mid_y&apos; is not initialized in the constructor." cwe="398" file0="common/measurement.cpp">
            <location file="common/updates-model.h" line="95" column="13"/>
        </error>
        <error id="uninitMemberVar" severity="warning" msg="Member variable &apos;stabilized_value &lt; float &gt;::_last_stable_percentage&apos; is not initialized in the constructor." verbose="Member variable &apos;stabilized_value &lt; float &gt;::_last_stable_percentage&apos; is not initialized in the constructor." cwe="398" file0="common/measurement.cpp">
            <location file="third-party/rsutils/include/rsutils/number/stabilized-value.h" line="35" column="5"/>
        </error>
        <error id="uninitMemberVar" severity="warning" msg="Member variable &apos;xml_node &lt; char &gt;::m_last_node&apos; is not initialized in the constructor." verbose="Member variable &apos;xml_node &lt; char &gt;::m_last_node&apos; is not initialized in the constructor." cwe="398" file0="common/measurement.cpp">
            <location file="third-party/rapidxml/rapidxml.hpp" line="901" column="9"/>
        </error>
        <error id="uninitMemberVar" severity="warning" msg="Member variable &apos;xml_node &lt; char &gt;::m_last_attribute&apos; is not initialized in the constructor." verbose="Member variable &apos;xml_node &lt; char &gt;::m_last_attribute&apos; is not initialized in the constructor." cwe="398" file0="common/measurement.cpp">
            <location file="third-party/rapidxml/rapidxml.hpp" line="901" column="9"/>
        </error>
        <error id="uninitMemberVar" severity="warning" msg="Member variable &apos;xml_node &lt; char &gt;::m_prev_sibling&apos; is not initialized in the constructor." verbose="Member variable &apos;xml_node &lt; char &gt;::m_prev_sibling&apos; is not initialized in the constructor." cwe="398" file0="common/measurement.cpp">
            <location file="third-party/rapidxml/rapidxml.hpp" line="901" column="9"/>
        </error>
        <error id="uninitMemberVar" severity="warning" msg="Member variable &apos;xml_node &lt; char &gt;::m_next_sibling&apos; is not initialized in the constructor." verbose="Member variable &apos;xml_node &lt; char &gt;::m_next_sibling&apos; is not initialized in the constructor." cwe="398" file0="common/measurement.cpp">
            <location file="third-party/rapidxml/rapidxml.hpp" line="901" column="9"/>
        </error>
        <error id="uninitMemberVar" severity="warning" msg="Member variable &apos;xml_base &lt; char &gt;::m_name_size&apos; is not initialized in the constructor." verbose="Member variable &apos;xml_base &lt; char &gt;::m_name_size&apos; is not initialized in the constructor." cwe="398" file0="common/measurement.cpp">
            <location file="third-party/rapidxml/rapidxml.hpp" line="657" column="9"/>
        </error>
        <error id="uninitMemberVar" severity="warning" msg="Member variable &apos;xml_base &lt; char &gt;::m_value_size&apos; is not initialized in the constructor." verbose="Member variable &apos;xml_base &lt; char &gt;::m_value_size&apos; is not initialized in the constructor." cwe="398" file0="common/measurement.cpp">
            <location file="third-party/rapidxml/rapidxml.hpp" line="657" column="9"/>
        </error>
        <error id="uninitMemberVar" severity="warning" msg="Member variable &apos;xml_attribute &lt; char &gt;::m_prev_attribute&apos; is not initialized in the constructor." verbose="Member variable &apos;xml_attribute &lt; char &gt;::m_prev_attribute&apos; is not initialized in the constructor." cwe="398" file0="common/measurement.cpp">
            <location file="third-party/rapidxml/rapidxml.hpp" line="810" column="9"/>
        </error>
        <error id="uninitMemberVar" severity="warning" msg="Member variable &apos;xml_attribute &lt; char &gt;::m_next_attribute&apos; is not initialized in the constructor." verbose="Member variable &apos;xml_attribute &lt; char &gt;::m_next_attribute&apos; is not initialized in the constructor." cwe="398" file0="common/measurement.cpp">
            <location file="third-party/rapidxml/rapidxml.hpp" line="810" column="9"/>
        </error>
        <error id="virtualCallInConstructor" severity="style" msg="Virtual function &apos;clear&apos; is called from constructor &apos;frame_drops_dashboard(std::string name,int*frame_drop_count,int*total)&apos; at line 97. Dynamic binding is not used." verbose="Virtual function &apos;clear&apos; is called from constructor &apos;frame_drops_dashboard(std::string name,int*frame_drop_count,int*total)&apos; at line 97. Dynamic binding is not used." file0="common/measurement.cpp">
            <location file="common/output-model.h" line="104" column="14" info="clear is a virtual function"/>
            <location file="common/output-model.h" line="97" column="13" info="Calling clear"/>
        </error>
        <error id="uninitMemberVar" severity="warning" msg="Member variable &apos;frame_callback::user&apos; is not initialized in the constructor." verbose="Member variable &apos;frame_callback::user&apos; is not initialized in the constructor." cwe="398" file0="common/calibration-model.cpp">
            <location file="src/types.h" line="665" column="9"/>
        </error>
        <error id="uninitMemberVar" severity="warning" msg="Member variable &apos;hwmon_cmd::data&apos; is not initialized in the constructor." verbose="Member variable &apos;hwmon_cmd::data&apos; is not initialized in the constructor." cwe="398" file0="common/calibration-model.cpp">
            <location file="src/hw-monitor.h" line="274" column="22"/>
        </error>
        <error id="uninitMemberVar" severity="warning" msg="Member variable &apos;hwmon_cmd::receivedCommandData&apos; is not initialized in the constructor." verbose="Member variable &apos;hwmon_cmd::receivedCommandData&apos; is not initialized in the constructor." cwe="398" file0="common/calibration-model.cpp">
            <location file="src/hw-monitor.h" line="274" column="22"/>
        </error>
        <error id="uninitMemberVar" severity="warning" msg="Member variable &apos;hwmon_cmd::receivedOpcode&apos; is not initialized in the constructor." verbose="Member variable &apos;hwmon_cmd::receivedOpcode&apos; is not initialized in the constructor." cwe="398" file0="common/calibration-model.cpp">
            <location file="src/hw-monitor.h" line="274" column="22"/>
        </error>
        <error id="uninitMemberVar" severity="warning" msg="Member variable &apos;hwmon_cmd::receivedCommandData&apos; is not initialized in the constructor." verbose="Member variable &apos;hwmon_cmd::receivedCommandData&apos; is not initialized in the constructor." cwe="398" file0="common/calibration-model.cpp">
            <location file="src/hw-monitor.h" line="287" column="22"/>
        </error>
        <error id="uninitMemberVar" severity="warning" msg="Member variable &apos;hwmon_cmd::receivedOpcode&apos; is not initialized in the constructor." verbose="Member variable &apos;hwmon_cmd::receivedOpcode&apos; is not initialized in the constructor." cwe="398" file0="common/calibration-model.cpp">
            <location file="src/hw-monitor.h" line="287" column="22"/>
        </error>
        <error id="uninitMemberVar" severity="warning" msg="Member variable &apos;vao::_vertex_count&apos; is not initialized in the constructor." verbose="Member variable &apos;vao::_vertex_count&apos; is not initialized in the constructor." cwe="398" file0="common/opengl3.cpp">
            <location file="common/opengl3.cpp" line="126" column="6"/>
        </error>
        <error id="uninitMemberVar" severity="warning" msg="Member variable &apos;fbo::_viewport&apos; is not initialized in the constructor." verbose="Member variable &apos;fbo::_viewport&apos; is not initialized in the constructor." cwe="398" file0="common/opengl3.cpp">
            <location file="common/opengl3.cpp" line="605" column="6"/>
        </error>
        <error id="uninitMemberVar" severity="warning" msg="Member variable &apos;stream_model::layout&apos; is not initialized in the constructor." verbose="Member variable &apos;stream_model::layout&apos; is not initialized in the constructor." cwe="398" file0="common/model-views.cpp">
            <location file="common/model-views.cpp" line="1917" column="19"/>
        </error>
        <error id="uninitMemberVar" severity="warning" msg="Member variable &apos;stream_model::size&apos; is not initialized in the constructor." verbose="Member variable &apos;stream_model::size&apos; is not initialized in the constructor." cwe="398" file0="common/model-views.cpp">
            <location file="common/model-views.cpp" line="1917" column="19"/>
        </error>
        <error id="uninitMemberVar" severity="warning" msg="Member variable &apos;stream_model::original_size&apos; is not initialized in the constructor." verbose="Member variable &apos;stream_model::original_size&apos; is not initialized in the constructor." cwe="398" file0="common/model-views.cpp">
            <location file="common/model-views.cpp" line="1917" column="19"/>
        </error>
        <error id="pureVirtualCall" severity="warning" msg="Call of pure virtual function &apos;process_frame&apos; in constructor." verbose="Call of pure virtual function &apos;process_frame&apos; in constructor. The call will fail during runtime." file0="common/model-views.cpp">
            <location file="common/post-processing-filter.h" line="56" column="24" info="process_frame is a pure virtual function without body"/>
            <location file="common/post-processing-filter.h" line="29" column="28" info="Calling process_frame"/>
        </error>
        <error id="nullPointerRedundantCheck" severity="warning" msg="Either the condition &apos;dev&apos; is redundant or there is possible null pointer dereference: dev." verbose="Either the condition &apos;dev&apos; is redundant or there is possible null pointer dereference: dev." cwe="476" file0="common/model-views.cpp">
            <location file="common/model-views.cpp" line="2288" column="13" info="Null pointer dereference"/>
            <location file="common/model-views.cpp" line="2295" column="13" info="Assuming that condition &apos;dev&apos; is not redundant"/>
        </error>
        <error id="nullPointerRedundantCheck" severity="warning" msg="Either the condition &apos;dev&apos; is redundant or there is possible null pointer dereference: dev." verbose="Either the condition &apos;dev&apos; is redundant or there is possible null pointer dereference: dev." cwe="476" file0="common/model-views.cpp">
            <location file="common/model-views.cpp" line="2289" column="18" info="Null pointer dereference"/>
            <location file="common/model-views.cpp" line="2295" column="13" info="Assuming that condition &apos;dev&apos; is not redundant"/>
        </error>
        <error id="nullPointerRedundantCheck" severity="warning" msg="Either the condition &apos;dev&apos; is redundant or there is possible null pointer dereference: dev." verbose="Either the condition &apos;dev&apos; is redundant or there is possible null pointer dereference: dev." cwe="476" file0="common/model-views.cpp">
            <location file="common/model-views.cpp" line="2290" column="13" info="Null pointer dereference"/>
            <location file="common/model-views.cpp" line="2295" column="13" info="Assuming that condition &apos;dev&apos; is not redundant"/>
        </error>
        <error id="uninitMemberVar" severity="warning" msg="Member variable &apos;notification_model::category&apos; is not initialized in the constructor." verbose="Member variable &apos;notification_model::category&apos; is not initialized in the constructor." cwe="398" file0="common/notifications.cpp">
            <location file="common/notifications.cpp" line="61" column="25"/>
        </error>
        <error id="nullPointer" severity="warning" msg="Possible null pointer dereference: exporter" verbose="Possible null pointer dereference: exporter" cwe="476" file0="common/viewer.cpp">
            <location file="common/viewer.cpp" line="218" column="29" info="Null pointer dereference"/>
            <location file="common/viewer.cpp" line="216" column="66" info="Assuming container is not empty"/>
            <location file="common/viewer.cpp" line="212" column="33" info="Assuming condition is false"/>
            <location file="common/viewer.cpp" line="211" column="54" info="Assignment &apos;std::unique_ptr&lt;rs2::filter&gt;exporter&apos;, assigned value is 0"/>
        </error>
        <error id="uninitMemberVar" severity="warning" msg="Member variable &apos;instructions_printer::rendered_frames&apos; is not initialized in the constructor." verbose="Member variable &apos;instructions_printer::rendered_frames&apos; is not initialized in the constructor." cwe="398" file0="examples/gl/rs-gl.cpp">
            <location file="examples/gl/rs-gl.cpp" line="170" column="23"/>
        </error>
        <error id="uninitMemberVar" severity="warning" msg="Member variable &apos;instructions_printer::last_fps&apos; is not initialized in the constructor." verbose="Member variable &apos;instructions_printer::last_fps&apos; is not initialized in the constructor." cwe="398" file0="examples/gl/rs-gl.cpp">
            <location file="examples/gl/rs-gl.cpp" line="170" column="23"/>
        </error>
        <error id="uninitMemberVar" severity="warning" msg="Member variable &apos;rect_gaussian_dots_target_calculator::_corners&apos; is not initialized in the constructor." verbose="Member variable &apos;rect_gaussian_dots_target_calculator::_corners&apos; is not initialized in the constructor." cwe="398" file0="src/algo.cpp">
            <location file="src/algo.cpp" line="564" column="39"/>
        </error>
        <error id="uninitMemberVar" severity="warning" msg="Member variable &apos;rect_gaussian_dots_target_calculator::_pts&apos; is not initialized in the constructor." verbose="Member variable &apos;rect_gaussian_dots_target_calculator::_pts&apos; is not initialized in the constructor." cwe="398" file0="src/algo.cpp">
            <location file="src/algo.cpp" line="564" column="39"/>
        </error>
        <error id="uninitMemberVar" severity="warning" msg="Member variable &apos;backend_frame::fo&apos; is not initialized in the constructor." verbose="Member variable &apos;backend_frame::fo&apos; is not initialized in the constructor." cwe="398" file0="src/android/device_watcher.cpp">
            <location file="src/uvc/uvc-types.h" line="423" column="5"/>
        </error>
        <error id="uninitMemberVar" severity="warning" msg="Member variable &apos;backend_frame::owner&apos; is not initialized in the constructor." verbose="Member variable &apos;backend_frame::owner&apos; is not initialized in the constructor." cwe="398" file0="src/android/device_watcher.cpp">
            <location file="src/uvc/uvc-types.h" line="423" column="5"/>
        </error>
        <error id="uninitMemberVar" severity="warning" msg="Member variable &apos;backend_frame::fo&apos; is not initialized in the constructor." verbose="Member variable &apos;backend_frame::fo&apos; is not initialized in the constructor." cwe="398" file0="src/android/device_watcher.cpp">
            <location file="src/uvc/uvc-types.h" line="427" column="5"/>
        </error>
        <error id="uninitMemberVar" severity="warning" msg="Member variable &apos;backend_frame::owner&apos; is not initialized in the constructor." verbose="Member variable &apos;backend_frame::owner&apos; is not initialized in the constructor." cwe="398" file0="src/android/device_watcher.cpp">
            <location file="src/uvc/uvc-types.h" line="427" column="5"/>
        </error>
        <error id="uninitMemberVar" severity="warning" msg="Member variable &apos;backend_frame::fo&apos; is not initialized in the constructor." verbose="Member variable &apos;backend_frame::fo&apos; is not initialized in the constructor." cwe="398" file0="src/android/device_watcher.cpp">
            <location file="src/uvc/uvc-types.h" line="429" column="5"/>
        </error>
        <error id="uninitMemberVar" severity="warning" msg="Member variable &apos;backend_frame::owner&apos; is not initialized in the constructor." verbose="Member variable &apos;backend_frame::owner&apos; is not initialized in the constructor." cwe="398" file0="src/android/device_watcher.cpp">
            <location file="src/uvc/uvc-types.h" line="429" column="5"/>
        </error>
        <error id="operatorEqVarError" severity="warning" msg="Member variable &apos;backend_frame::fo&apos; is not assigned a value in &apos;backend_frame::operator=&apos;." verbose="Member variable &apos;backend_frame::fo&apos; is not assigned a value in &apos;backend_frame::operator=&apos;." cwe="398" file0="src/android/device_watcher.cpp">
            <location file="src/uvc/uvc-types.h" line="431" column="20"/>
        </error>
        <error id="operatorEqVarError" severity="warning" msg="Member variable &apos;backend_frame::owner&apos; is not assigned a value in &apos;backend_frame::operator=&apos;." verbose="Member variable &apos;backend_frame::owner&apos; is not assigned a value in &apos;backend_frame::operator=&apos;." cwe="398" file0="src/android/device_watcher.cpp">
            <location file="src/uvc/uvc-types.h" line="431" column="20"/>
        </error>
        <error id="virtualCallInConstructor" severity="style" msg="Virtual function &apos;reset&apos; is called from constructor &apos;l500_timestamp_reader(std::shared_ptr&lt;platform::time_service&gt;ts)&apos; at line 488. Dynamic binding is not used." verbose="Virtual function &apos;reset&apos; is called from constructor &apos;l500_timestamp_reader(std::shared_ptr&lt;platform::time_service&gt;ts)&apos; at line 488. Dynamic binding is not used." file0="src/algo/thermal-loop/l500-thermal-loop.cpp">
            <location file="src/l500/l500-private.h" line="491" column="18" info="reset is a virtual function"/>
            <location file="src/l500/l500-private.h" line="488" column="17" info="Calling reset"/>
        </error>
        <error id="virtualCallInConstructor" severity="style" msg="Virtual function &apos;reset&apos; is called from constructor &apos;l500_timestamp_reader_from_metadata(std::shared_ptr&lt;platform::time_service&gt;ts)&apos; at line 559. Dynamic binding is not used." verbose="Virtual function &apos;reset&apos; is called from constructor &apos;l500_timestamp_reader_from_metadata(std::shared_ptr&lt;platform::time_service&gt;ts)&apos; at line 559. Dynamic binding is not used." file0="src/algo/thermal-loop/l500-thermal-loop.cpp">
            <location file="src/l500/l500-private.h" line="566" column="18" info="reset is a virtual function"/>
            <location file="src/l500/l500-private.h" line="559" column="17" info="Calling reset"/>
        </error>
        <error id="uninitMemberVar" severity="warning" msg="Member variable &apos;serialized_frame::stream_id&apos; is not initialized in the constructor." verbose="Member variable &apos;serialized_frame::stream_id&apos; is not initialized in the constructor." cwe="398" file0="src/device.cpp">
            <location file="src/core/serialization.h" line="106" column="13"/>
        </error>
        <error id="virtualCallInConstructor" severity="style" msg="Virtual function &apos;reset&apos; is called from constructor &apos;sr300_timestamp_reader_from_metadata()&apos; at line 162. Dynamic binding is not used." verbose="Virtual function &apos;reset&apos; is called from constructor &apos;sr300_timestamp_reader_from_metadata()&apos; at line 162. Dynamic binding is not used." file0="src/context.cpp">
            <location file="src/ivcam/sr300.h" line="169" column="14" info="reset is a virtual function"/>
            <location file="src/ivcam/sr300.h" line="162" column="13" info="Calling reset"/>
        </error>
        <error id="duplInheritedMember" severity="warning" msg="The class &apos;sr300_depth_sensor&apos; defines member variable with name &apos;_owner&apos; also defined in its parent class &apos;sensor_base&apos;." verbose="The class &apos;sr300_depth_sensor&apos; defines member variable with name &apos;_owner&apos; also defined in its parent class &apos;sensor_base&apos;." cwe="398" file0="src/context.cpp">
            <location file="src/ivcam/sr300.h" line="338" column="33" info="Derived variable &apos;sr300_depth_sensor::_owner&apos;"/>
            <location file="src/sensor.h" line="123" column="17" info="Parent variable &apos;sensor_base::_owner&apos;"/>
        </error>
        <error id="duplInheritedMember" severity="warning" msg="The class &apos;sr300_color_sensor&apos; defines member variable with name &apos;_owner&apos; also defined in its parent class &apos;sensor_base&apos;." verbose="The class &apos;sr300_color_sensor&apos; defines member variable with name &apos;_owner&apos; also defined in its parent class &apos;sensor_base&apos;." cwe="398" file0="src/context.cpp">
            <location file="src/ivcam/sr300.h" line="579" column="33" info="Derived variable &apos;sr300_color_sensor::_owner&apos;"/>
            <location file="src/sensor.h" line="123" column="17" info="Parent variable &apos;sensor_base::_owner&apos;"/>
        </error>
        <error id="duplInheritedMember" severity="warning" msg="The class &apos;l500_depth_sensor&apos; defines member variable with name &apos;_owner&apos; also defined in its parent class &apos;sensor_base&apos;." verbose="The class &apos;l500_depth_sensor&apos; defines member variable with name &apos;_owner&apos; also defined in its parent class &apos;sensor_base&apos;." cwe="398" file0="src/context.cpp">
            <location file="src/l500/l500-depth.h" line="269" column="29" info="Derived variable &apos;l500_depth_sensor::_owner&apos;"/>
            <location file="src/sensor.h" line="123" column="17" info="Parent variable &apos;sensor_base::_owner&apos;"/>
        </error>
        <error id="uninitMemberVar" severity="warning" msg="Member variable &apos;limits_option::_cached_limit&apos; is not initialized in the constructor." verbose="Member variable &apos;limits_option::_cached_limit&apos; is not initialized in the constructor." cwe="398" file0="src/ds/d400/d400-active.cpp">
            <location file="src/ds/d400/d400-options.h" line="105" column="9"/>
        </error>
        <error id="duplInheritedMember" severity="warning" msg="The class &apos;d400_color&apos; defines member variable with name &apos;_color_stream&apos; also defined in its parent class &apos;d400_device&apos;." verbose="The class &apos;d400_color&apos; defines member variable with name &apos;_color_stream&apos; also defined in its parent class &apos;d400_device&apos;." cwe="398" file0="src/ds/d400/d400-color.cpp">
            <location file="src/ds/d400/d400-color.h" line="33" column="43" info="Derived variable &apos;d400_color::_color_stream&apos;"/>
            <location file="src/ds/d400/d400-device.h" line="98" column="43" info="Parent variable &apos;d400_device::_color_stream&apos;"/>
        </error>
        <error id="duplInheritedMember" severity="warning" msg="The class &apos;d400_color&apos; defines member variable with name &apos;_color_calib_table_raw&apos; also defined in its parent class &apos;d400_device&apos;." verbose="The class &apos;d400_color&apos; defines member variable with name &apos;_color_calib_table_raw&apos; also defined in its parent class &apos;d400_device&apos;." cwe="398" file0="src/ds/d400/d400-color.cpp">
            <location file="src/ds/d400/d400-color.h" line="55" column="36" info="Derived variable &apos;d400_color::_color_calib_table_raw&apos;"/>
            <location file="src/ds/d400/d400-device.h" line="108" column="36" info="Parent variable &apos;d400_device::_color_calib_table_raw&apos;"/>
        </error>
        <error id="duplInheritedMember" severity="warning" msg="The class &apos;d400_color&apos; defines member variable with name &apos;_color_extrinsic&apos; also defined in its parent class &apos;d400_device&apos;." verbose="The class &apos;d400_color&apos; defines member variable with name &apos;_color_extrinsic&apos; also defined in its parent class &apos;d400_device&apos;." cwe="398" file0="src/ds/d400/d400-color.cpp">
            <location file="src/ds/d400/d400-color.h" line="56" column="47" info="Derived variable &apos;d400_color::_color_extrinsic&apos;"/>
            <location file="src/ds/d400/d400-device.h" line="109" column="47" info="Parent variable &apos;d400_device::_color_extrinsic&apos;"/>
        </error>
        <error id="duplInheritedMember" severity="warning" msg="The class &apos;d400_color_sensor&apos; defines member variable with name &apos;_owner&apos; also defined in its parent class &apos;sensor_base&apos;." verbose="The class &apos;d400_color_sensor&apos; defines member variable with name &apos;_owner&apos; also defined in its parent class &apos;sensor_base&apos;." cwe="398" file0="src/ds/d400/d400-color.cpp">
            <location file="src/ds/d400/d400-color.h" line="78" column="27" info="Derived variable &apos;d400_color_sensor::_owner&apos;"/>
            <location file="src/sensor.h" line="123" column="17" info="Parent variable &apos;sensor_base::_owner&apos;"/>
        </error>
        <error id="uninitMemberVar" severity="warning" msg="Member variable &apos;preset_param_group::depth_controls&apos; is not initialized in the constructor." verbose="Member variable &apos;preset_param_group::depth_controls&apos; is not initialized in the constructor." cwe="398" file0="src/ds/advanced_mode/advanced_mode.cpp">
            <location file="src/ds/advanced_mode/json_loader.hpp" line="70" column="9"/>
        </error>
        <error id="uninitMemberVar" severity="warning" msg="Member variable &apos;preset_param_group::rsm&apos; is not initialized in the constructor." verbose="Member variable &apos;preset_param_group::rsm&apos; is not initialized in the constructor." cwe="398" file0="src/ds/advanced_mode/advanced_mode.cpp">
            <location file="src/ds/advanced_mode/json_loader.hpp" line="70" column="9"/>
        </error>
        <error id="uninitMemberVar" severity="warning" msg="Member variable &apos;preset_param_group::rsvc&apos; is not initialized in the constructor." verbose="Member variable &apos;preset_param_group::rsvc&apos; is not initialized in the constructor." cwe="398" file0="src/ds/advanced_mode/advanced_mode.cpp">
            <location file="src/ds/advanced_mode/json_loader.hpp" line="70" column="9"/>
        </error>
        <error id="uninitMemberVar" severity="warning" msg="Member variable &apos;preset_param_group::color_control&apos; is not initialized in the constructor." verbose="Member variable &apos;preset_param_group::color_control&apos; is not initialized in the constructor." cwe="398" file0="src/ds/advanced_mode/advanced_mode.cpp">
            <location file="src/ds/advanced_mode/json_loader.hpp" line="70" column="9"/>
        </error>
        <error id="uninitMemberVar" severity="warning" msg="Member variable &apos;preset_param_group::rctc&apos; is not initialized in the constructor." verbose="Member variable &apos;preset_param_group::rctc&apos; is not initialized in the constructor." cwe="398" file0="src/ds/advanced_mode/advanced_mode.cpp">
            <location file="src/ds/advanced_mode/json_loader.hpp" line="70" column="9"/>
        </error>
        <error id="uninitMemberVar" severity="warning" msg="Member variable &apos;preset_param_group::sctc&apos; is not initialized in the constructor." verbose="Member variable &apos;preset_param_group::sctc&apos; is not initialized in the constructor." cwe="398" file0="src/ds/advanced_mode/advanced_mode.cpp">
            <location file="src/ds/advanced_mode/json_loader.hpp" line="70" column="9"/>
        </error>
        <error id="uninitMemberVar" severity="warning" msg="Member variable &apos;preset_param_group::spc&apos; is not initialized in the constructor." verbose="Member variable &apos;preset_param_group::spc&apos; is not initialized in the constructor." cwe="398" file0="src/ds/advanced_mode/advanced_mode.cpp">
            <location file="src/ds/advanced_mode/json_loader.hpp" line="70" column="9"/>
        </error>
        <error id="uninitMemberVar" severity="warning" msg="Member variable &apos;preset_param_group::hdad&apos; is not initialized in the constructor." verbose="Member variable &apos;preset_param_group::hdad&apos; is not initialized in the constructor." cwe="398" file0="src/ds/advanced_mode/advanced_mode.cpp">
            <location file="src/ds/advanced_mode/json_loader.hpp" line="70" column="9"/>
        </error>
        <error id="uninitMemberVar" severity="warning" msg="Member variable &apos;preset_param_group::cc&apos; is not initialized in the constructor." verbose="Member variable &apos;preset_param_group::cc&apos; is not initialized in the constructor." cwe="398" file0="src/ds/advanced_mode/advanced_mode.cpp">
            <location file="src/ds/advanced_mode/json_loader.hpp" line="70" column="9"/>
        </error>
        <error id="uninitMemberVar" severity="warning" msg="Member variable &apos;preset_param_group::depth_table&apos; is not initialized in the constructor." verbose="Member variable &apos;preset_param_group::depth_table&apos; is not initialized in the constructor." cwe="398" file0="src/ds/advanced_mode/advanced_mode.cpp">
            <location file="src/ds/advanced_mode/json_loader.hpp" line="70" column="9"/>
        </error>
        <error id="uninitMemberVar" severity="warning" msg="Member variable &apos;preset_param_group::ae&apos; is not initialized in the constructor." verbose="Member variable &apos;preset_param_group::ae&apos; is not initialized in the constructor." cwe="398" file0="src/ds/advanced_mode/advanced_mode.cpp">
            <location file="src/ds/advanced_mode/json_loader.hpp" line="70" column="9"/>
        </error>
        <error id="uninitMemberVar" severity="warning" msg="Member variable &apos;preset_param_group::census&apos; is not initialized in the constructor." verbose="Member variable &apos;preset_param_group::census&apos; is not initialized in the constructor." cwe="398" file0="src/ds/advanced_mode/advanced_mode.cpp">
            <location file="src/ds/advanced_mode/json_loader.hpp" line="70" column="9"/>
        </error>
        <error id="uninitMemberVar" severity="warning" msg="Member variable &apos;preset_param_group::a_factor&apos; is not initialized in the constructor." verbose="Member variable &apos;preset_param_group::a_factor&apos; is not initialized in the constructor." cwe="398" file0="src/ds/advanced_mode/advanced_mode.cpp">
            <location file="src/ds/advanced_mode/json_loader.hpp" line="70" column="9"/>
        </error>
        <error id="uninitMemberVar" severity="warning" msg="Member variable &apos;json_string_struct_field::strct&apos; is not initialized in the constructor." verbose="Member variable &apos;json_string_struct_field::strct&apos; is not initialized in the constructor." cwe="398" file0="src/ds/advanced_mode/advanced_mode.cpp">
            <location file="src/ds/advanced_mode/json_loader.hpp" line="171" column="9"/>
        </error>
        <error id="uninitMemberVar" severity="warning" msg="Member variable &apos;d400_depth_sensor::_stereo_baseline_mm&apos; is not initialized in the constructor." verbose="Member variable &apos;d400_depth_sensor::_stereo_baseline_mm&apos; is not initialized in the constructor." cwe="398" file0="src/ds/d400/d400-device.cpp">
            <location file="src/ds/d400/d400-device.cpp" line="118" column="18"/>
        </error>
        <error id="duplInheritedMember" severity="warning" msg="The class &apos;d400_depth_sensor&apos; defines member variable with name &apos;_owner&apos; also defined in its parent class &apos;sensor_base&apos;." verbose="The class &apos;d400_depth_sensor&apos; defines member variable with name &apos;_owner&apos; also defined in its parent class &apos;sensor_base&apos;." cwe="398" file0="src/ds/d400/d400-device.cpp">
            <location file="src/ds/d400/d400-device.cpp" line="325" column="28" info="Derived variable &apos;d400_depth_sensor::_owner&apos;"/>
            <location file="src/sensor.h" line="123" column="17" info="Parent variable &apos;sensor_base::_owner&apos;"/>
        </error>
        <error id="duplInheritedMember" severity="warning" msg="The class &apos;ds5u_depth_sensor&apos; defines member variable with name &apos;_owner&apos; also defined in its parent class &apos;d400_depth_sensor&apos;." verbose="The class &apos;ds5u_depth_sensor&apos; defines member variable with name &apos;_owner&apos; also defined in its parent class &apos;d400_depth_sensor&apos;." cwe="398" file0="src/ds/d400/d400-device.cpp">
            <location file="src/ds/d400/d400-device.cpp" line="386" column="28" info="Derived variable &apos;ds5u_depth_sensor::_owner&apos;"/>
            <location file="src/ds/d400/d400-device.cpp" line="325" column="28" info="Parent variable &apos;d400_depth_sensor::_owner&apos;"/>
        </error>
        <error id="duplInheritedMember" severity="warning" msg="The class &apos;ds5u_depth_sensor&apos; defines member variable with name &apos;_owner&apos; also defined in its parent class &apos;sensor_base&apos;." verbose="The class &apos;ds5u_depth_sensor&apos; defines member variable with name &apos;_owner&apos; also defined in its parent class &apos;sensor_base&apos;." cwe="398" file0="src/ds/d400/d400-device.cpp">
            <location file="src/ds/d400/d400-device.cpp" line="386" column="28" info="Derived variable &apos;ds5u_depth_sensor::_owner&apos;"/>
            <location file="src/sensor.h" line="123" column="17" info="Parent variable &apos;sensor_base::_owner&apos;"/>
        </error>
        <error id="uninitMemberVar" severity="warning" msg="Member variable &apos;optional_value &lt; uint8_t &gt;::_value&apos; is not initialized in the constructor." verbose="Member variable &apos;optional_value &lt; uint8_t &gt;::_value&apos; is not initialized in the constructor." cwe="398" file0="src/ds/d400/d400-factory.cpp">
            <location file="src/types.h" line="1260" column="9"/>
        </error>
        <error id="uninitMemberVar" severity="warning" msg="Member variable &apos;auto_calibrated::_old_preset_values&apos; is not initialized in the constructor." verbose="Member variable &apos;auto_calibrated::_old_preset_values&apos; is not initialized in the constructor." cwe="398" file0="src/ds/d400/d400-auto-calibration.cpp">
            <location file="src/ds/d400/d400-auto-calibration.cpp" line="189" column="22"/>
        </error>
        <error id="uninitMemberVar" severity="warning" msg="Member variable &apos;auto_calibrated::_old_preset&apos; is not initialized in the constructor." verbose="Member variable &apos;auto_calibrated::_old_preset&apos; is not initialized in the constructor." cwe="398" file0="src/ds/d400/d400-auto-calibration.cpp">
            <location file="src/ds/d400/d400-auto-calibration.cpp" line="189" column="22"/>
        </error>
        <error id="uninitMemberVar" severity="warning" msg="Member variable &apos;auto_calibrated::_ground_truth_mm&apos; is not initialized in the constructor." verbose="Member variable &apos;auto_calibrated::_ground_truth_mm&apos; is not initialized in the constructor." cwe="398" file0="src/ds/d400/d400-auto-calibration.cpp">
            <location file="src/ds/d400/d400-auto-calibration.cpp" line="189" column="22"/>
        </error>
        <error id="uninitMemberVar" severity="warning" msg="Member variable &apos;auto_calibrated::_total_frames&apos; is not initialized in the constructor." verbose="Member variable &apos;auto_calibrated::_total_frames&apos; is not initialized in the constructor." cwe="398" file0="src/ds/d400/d400-auto-calibration.cpp">
            <location file="src/ds/d400/d400-auto-calibration.cpp" line="189" column="22"/>
        </error>
        <error id="uninitMemberVar" severity="warning" msg="Member variable &apos;auto_calibrated::_prev_frame_counter&apos; is not initialized in the constructor." verbose="Member variable &apos;auto_calibrated::_prev_frame_counter&apos; is not initialized in the constructor." cwe="398" file0="src/ds/d400/d400-auto-calibration.cpp">
            <location file="src/ds/d400/d400-auto-calibration.cpp" line="189" column="22"/>
        </error>
        <error id="uninitMemberVar" severity="warning" msg="Member variable &apos;auto_calibrated::_fill_factor&apos; is not initialized in the constructor." verbose="Member variable &apos;auto_calibrated::_fill_factor&apos; is not initialized in the constructor." cwe="398" file0="src/ds/d400/d400-auto-calibration.cpp">
            <location file="src/ds/d400/d400-auto-calibration.cpp" line="189" column="22"/>
        </error>
        <error id="duplInheritedMember" severity="warning" msg="The class &apos;ds_fisheye_sensor&apos; defines member variable with name &apos;_owner&apos; also defined in its parent class &apos;sensor_base&apos;." verbose="The class &apos;ds_fisheye_sensor&apos; defines member variable with name &apos;_owner&apos; also defined in its parent class &apos;sensor_base&apos;." cwe="398" file0="src/ds/d400/d400-factory.cpp">
            <location file="src/ds/ds-motion-common.h" line="75" column="17" info="Derived variable &apos;ds_fisheye_sensor::_owner&apos;"/>
            <location file="src/sensor.h" line="123" column="17" info="Parent variable &apos;sensor_base::_owner&apos;"/>
        </error>
        <error id="duplInheritedMember" severity="warning" msg="The class &apos;ds_motion_sensor&apos; defines member variable with name &apos;_owner&apos; also defined in its parent class &apos;sensor_base&apos;." verbose="The class &apos;ds_motion_sensor&apos; defines member variable with name &apos;_owner&apos; also defined in its parent class &apos;sensor_base&apos;." cwe="398" file0="src/ds/d400/d400-factory.cpp">
            <location file="src/ds/ds-motion-common.h" line="98" column="23" info="Derived variable &apos;ds_motion_sensor::_owner&apos;"/>
            <location file="src/sensor.h" line="123" column="17" info="Parent variable &apos;sensor_base::_owner&apos;"/>
        </error>
        <error id="duplInheritedMember" severity="warning" msg="The class &apos;d400_motion_base&apos; defines member variable with name &apos;_pid&apos; also defined in its parent class &apos;device&apos;." verbose="The class &apos;d400_motion_base&apos; defines member variable with name &apos;_pid&apos; also defined in its parent class &apos;device&apos;." cwe="398" file0="src/ds/d400/d400-factory.cpp">
            <location file="src/ds/d400/d400-motion.h" line="37" column="18" info="Derived variable &apos;d400_motion_base::_pid&apos;"/>
            <location file="src/device.h" line="90" column="14" info="Parent variable &apos;device::_pid&apos;"/>
        </error>
        <error id="duplInheritedMember" severity="warning" msg="The class &apos;d400_motion&apos; defines member variable with name &apos;_motion_module_device_idx&apos; also defined in its parent class &apos;d400_motion_base&apos;." verbose="The class &apos;d400_motion&apos; defines member variable with name &apos;_motion_module_device_idx&apos; also defined in its parent class &apos;d400_motion_base&apos;." cwe="398" file0="src/ds/d400/d400-factory.cpp">
            <location file="src/ds/d400/d400-motion.h" line="69" column="33" info="Derived variable &apos;d400_motion::_motion_module_device_idx&apos;"/>
            <location file="src/ds/d400/d400-motion.h" line="39" column="33" info="Parent variable &apos;d400_motion_base::_motion_module_device_idx&apos;"/>
        </error>
        <error id="identicalInnerCondition" severity="warning" msg="Identical inner &apos;if&apos; condition is always true." verbose="Identical inner &apos;if&apos; condition is always true (outer condition is &apos;depth==0&apos; and inner condition is &apos;depth==0&apos;)." cwe="398" file0="src/ds/d400/d400-auto-calibration.cpp">
            <location file="src/ds/d400/d400-auto-calibration.cpp" line="955" column="27" info="identical inner condition: depth==0"/>
            <location file="src/ds/d400/d400-auto-calibration.cpp" line="919" column="23" info="outer condition: depth==0"/>
        </error>
        <error id="uninitMemberVar" severity="warning" msg="Member variable &apos;d400_motion_base::_pid&apos; is not initialized in the constructor." verbose="Member variable &apos;d400_motion_base::_pid&apos; is not initialized in the constructor." cwe="398" file0="src/ds/d400/d400-motion.cpp">
            <location file="src/ds/d400/d400-motion.cpp" line="101" column="23"/>
        </error>
        <error id="duplInheritedMember" severity="warning" msg="The class &apos;motion_to_accel_gyro&apos; defines member variable with name &apos;_source_stream_profile&apos; also defined in its parent class &apos;functional_processing_block&apos;." verbose="The class &apos;motion_to_accel_gyro&apos; defines member variable with name &apos;_source_stream_profile&apos; also defined in its parent class &apos;functional_processing_block&apos;." cwe="398" file0="src/ds/d400/d400-motion.cpp">
            <location file="src/proc/motion-transform.h" line="49" column="51" info="Derived variable &apos;motion_to_accel_gyro::_source_stream_profile&apos;"/>
            <location file="src/proc/synthetic-stream.h" line="154" column="29" info="Parent variable &apos;functional_processing_block::_source_stream_profile&apos;"/>
        </error>
        <error id="virtualCallInConstructor" severity="style" msg="Virtual function &apos;reset&apos; is called from constructor &apos;ds_timestamp_reader_from_metadata(std::unique_ptr&lt;frame_timestamp_reader&gt;backup_timestamp_reader)&apos; at line 21. Dynamic binding is not used." verbose="Virtual function &apos;reset&apos; is called from constructor &apos;ds_timestamp_reader_from_metadata(std::unique_ptr&lt;frame_timestamp_reader&gt;backup_timestamp_reader)&apos; at line 21. Dynamic binding is not used." file0="src/ds/ds-timestamp.cpp">
            <location file="src/ds/ds-timestamp.h" line="31" column="14" info="reset is a virtual function"/>
            <location file="src/ds/ds-timestamp.cpp" line="21" column="9" info="Calling reset"/>
        </error>
        <error id="virtualCallInConstructor" severity="style" msg="Virtual function &apos;reset&apos; is called from constructor &apos;ds_timestamp_reader(std::shared_ptr&lt;platform::time_service&gt;ts)&apos; at line 295. Dynamic binding is not used." verbose="Virtual function &apos;reset&apos; is called from constructor &apos;ds_timestamp_reader(std::shared_ptr&lt;platform::time_service&gt;ts)&apos; at line 295. Dynamic binding is not used." file0="src/ds/ds-timestamp.cpp">
            <location file="src/ds/ds-timestamp.h" line="77" column="14" info="reset is a virtual function"/>
            <location file="src/ds/ds-timestamp.cpp" line="295" column="9" info="Calling reset"/>
        </error>
        <error id="virtualCallInConstructor" severity="style" msg="Virtual function &apos;reset&apos; is called from constructor &apos;ds_custom_hid_timestamp_reader()&apos; at line 331. Dynamic binding is not used." verbose="Virtual function &apos;reset&apos; is called from constructor &apos;ds_custom_hid_timestamp_reader()&apos; at line 331. Dynamic binding is not used." file0="src/ds/ds-timestamp.cpp">
            <location file="src/ds/ds-timestamp.h" line="95" column="14" info="reset is a virtual function"/>
            <location file="src/ds/ds-timestamp.cpp" line="331" column="9" info="Calling reset"/>
        </error>
        <error id="uninitMemberVar" severity="warning" msg="Member variable &apos;fw_log_data::_thread_id&apos; is not initialized in the constructor." verbose="Member variable &apos;fw_log_data::_thread_id&apos; is not initialized in the constructor." cwe="398" file0="src/fw-logs/fw-log-data.cpp">
            <location file="src/fw-logs/fw-log-data.cpp" line="18" column="22"/>
        </error>
        <error id="uninitMemberVar" severity="warning" msg="Member variable &apos;firmware_logger_device::_device_pid&apos; is not initialized in the constructor." verbose="Member variable &apos;firmware_logger_device::_device_pid&apos; is not initialized in the constructor." cwe="398" file0="src/firmware_logger_device.cpp">
            <location file="src/firmware_logger_device.cpp" line="9" column="29"/>
        </error>
        <error id="zerodivcond" severity="warning" msg="Either the condition &apos;c&gt;1&apos; is redundant or there is division by zero at line 19." verbose="Either the condition &apos;c&gt;1&apos; is redundant or there is division by zero at line 19." cwe="369" file0="src/gl/align-gl.cpp">
            <location file="common/tiny-profiler.h" line="19" column="27" info="Division by zero"/>
            <location file="common/tiny-profiler.h" line="17" column="17" info="Assuming that condition &apos;c&gt;1&apos; is not redundant"/>
        </error>
        <error id="uninitMemberVar" severity="warning" msg="Member variable &apos;pointcloud_renderer::color_tex&apos; is not initialized in the constructor." verbose="Member variable &apos;pointcloud_renderer::color_tex&apos; is not initialized in the constructor." cwe="398" file0="src/gl/pc-shader.cpp">
            <location file="src/gl/pc-shader.cpp" line="395" column="30"/>
        </error>
        <error id="uninitMemberVar" severity="warning" msg="Member variable &apos;pointcloud_renderer::xyz_tex&apos; is not initialized in the constructor." verbose="Member variable &apos;pointcloud_renderer::xyz_tex&apos; is not initialized in the constructor." cwe="398" file0="src/gl/pc-shader.cpp">
            <location file="src/gl/pc-shader.cpp" line="395" column="30"/>
        </error>
        <error id="uninitMemberVar" severity="warning" msg="Member variable &apos;pointcloud_renderer::_xyz_pbo&apos; is not initialized in the constructor." verbose="Member variable &apos;pointcloud_renderer::_xyz_pbo&apos; is not initialized in the constructor." cwe="398" file0="src/gl/pc-shader.cpp">
            <location file="src/gl/pc-shader.cpp" line="395" column="30"/>
        </error>
        <error id="uninitMemberVar" severity="warning" msg="Member variable &apos;pointcloud_renderer::_rgba_pbo&apos; is not initialized in the constructor." verbose="Member variable &apos;pointcloud_renderer::_rgba_pbo&apos; is not initialized in the constructor." cwe="398" file0="src/gl/pc-shader.cpp">
            <location file="src/gl/pc-shader.cpp" line="395" column="30"/>
        </error>
        <error id="uninitMemberVar" severity="warning" msg="Member variable &apos;pointcloud_renderer::_origin_rgba_pbo&apos; is not initialized in the constructor." verbose="Member variable &apos;pointcloud_renderer::_origin_rgba_pbo&apos; is not initialized in the constructor." cwe="398" file0="src/gl/pc-shader.cpp">
            <location file="src/gl/pc-shader.cpp" line="395" column="30"/>
        </error>
        <error id="uninitMemberVar" severity="warning" msg="Member variable &apos;pointcloud_gl::_depth_scale&apos; is not initialized in the constructor." verbose="Member variable &apos;pointcloud_gl::_depth_scale&apos; is not initialized in the constructor." cwe="398" file0="src/gl/pointcloud-gl.cpp">
            <location file="src/gl/pointcloud-gl.cpp" line="397" column="16"/>
        </error>
        <error id="uninitMemberVar" severity="warning" msg="Member variable &apos;pointcloud_gl::_depth_intr&apos; is not initialized in the constructor." verbose="Member variable &apos;pointcloud_gl::_depth_intr&apos; is not initialized in the constructor." cwe="398" file0="src/gl/pointcloud-gl.cpp">
            <location file="src/gl/pointcloud-gl.cpp" line="397" column="16"/>
        </error>
        <error id="uninitMemberVar" severity="warning" msg="Member variable &apos;optional_value &lt; rs2_intrinsics &gt;::_value&apos; is not initialized in the constructor." verbose="Member variable &apos;optional_value &lt; rs2_intrinsics &gt;::_value&apos; is not initialized in the constructor." cwe="398" file0="src/gl/pointcloud-gl.cpp">
            <location file="src/types.h" line="1260" column="9"/>
        </error>
        <error id="uninitMemberVar" severity="warning" msg="Member variable &apos;optional_value &lt; float &gt;::_value&apos; is not initialized in the constructor." verbose="Member variable &apos;optional_value &lt; float &gt;::_value&apos; is not initialized in the constructor." cwe="398" file0="src/gl/pointcloud-gl.cpp">
            <location file="src/types.h" line="1260" column="9"/>
        </error>
        <error id="uninitMemberVar" severity="warning" msg="Member variable &apos;optional_value &lt; rs2_extrinsics &gt;::_value&apos; is not initialized in the constructor." verbose="Member variable &apos;optional_value &lt; rs2_extrinsics &gt;::_value&apos; is not initialized in the constructor." cwe="398" file0="src/gl/pointcloud-gl.cpp">
            <location file="src/types.h" line="1260" column="9"/>
        </error>
        <error id="uninitMemberVar" severity="warning" msg="Member variable &apos;gpu_section::types&apos; is not initialized in the constructor." verbose="Member variable &apos;gpu_section::types&apos; is not initialized in the constructor." cwe="398" file0="src/gl/synthetic-stream-gl.cpp">
            <location file="src/gl/synthetic-stream-gl.cpp" line="207" column="22"/>
        </error>
        <error id="uninitMemberVar" severity="warning" msg="Member variable &apos;gpu_section::width&apos; is not initialized in the constructor." verbose="Member variable &apos;gpu_section::width&apos; is not initialized in the constructor." cwe="398" file0="src/gl/synthetic-stream-gl.cpp">
            <location file="src/gl/synthetic-stream-gl.cpp" line="207" column="22"/>
        </error>
        <error id="uninitMemberVar" severity="warning" msg="Member variable &apos;gpu_section::height&apos; is not initialized in the constructor." verbose="Member variable &apos;gpu_section::height&apos; is not initialized in the constructor." cwe="398" file0="src/gl/synthetic-stream-gl.cpp">
            <location file="src/gl/synthetic-stream-gl.cpp" line="207" column="22"/>
        </error>
        <error id="uninitMemberVar" severity="warning" msg="Member variable &apos;y411_2rgb::_width&apos; is not initialized in the constructor." verbose="Member variable &apos;y411_2rgb::_width&apos; is not initialized in the constructor." cwe="398" file0="src/gl/y4112rgb-gl.cpp">
            <location file="src/gl/y4112rgb-gl.cpp" line="124" column="12"/>
        </error>
        <error id="uninitMemberVar" severity="warning" msg="Member variable &apos;y411_2rgb::_height&apos; is not initialized in the constructor." verbose="Member variable &apos;y411_2rgb::_height&apos; is not initialized in the constructor." cwe="398" file0="src/gl/y4112rgb-gl.cpp">
            <location file="src/gl/y4112rgb-gl.cpp" line="124" column="12"/>
        </error>
        <error id="uninitMemberVar" severity="warning" msg="Member variable &apos;yuy2rgb::_width&apos; is not initialized in the constructor." verbose="Member variable &apos;yuy2rgb::_width&apos; is not initialized in the constructor." cwe="398" file0="src/gl/yuy2rgb-gl.cpp">
            <location file="src/gl/yuy2rgb-gl.cpp" line="108" column="10"/>
        </error>
        <error id="uninitMemberVar" severity="warning" msg="Member variable &apos;yuy2rgb::_height&apos; is not initialized in the constructor." verbose="Member variable &apos;yuy2rgb::_height&apos; is not initialized in the constructor." cwe="398" file0="src/gl/yuy2rgb-gl.cpp">
            <location file="src/gl/yuy2rgb-gl.cpp" line="108" column="10"/>
        </error>
        <error id="uninitMemberVar" severity="warning" msg="Member variable &apos;CLinearCoefficients::_prev_a&apos; is not initialized in the constructor." verbose="Member variable &apos;CLinearCoefficients::_prev_a&apos; is not initialized in the constructor." cwe="398" file0="src/global_timestamp_reader.cpp">
            <location file="src/global_timestamp_reader.cpp" line="24" column="26"/>
        </error>
        <error id="uninitMemberVar" severity="warning" msg="Member variable &apos;CLinearCoefficients::_prev_b&apos; is not initialized in the constructor." verbose="Member variable &apos;CLinearCoefficients::_prev_b&apos; is not initialized in the constructor." cwe="398" file0="src/global_timestamp_reader.cpp">
            <location file="src/global_timestamp_reader.cpp" line="24" column="26"/>
        </error>
        <error id="uninitMemberVar" severity="warning" msg="Member variable &apos;CLinearCoefficients::_dest_a&apos; is not initialized in the constructor." verbose="Member variable &apos;CLinearCoefficients::_dest_a&apos; is not initialized in the constructor." cwe="398" file0="src/global_timestamp_reader.cpp">
            <location file="src/global_timestamp_reader.cpp" line="24" column="26"/>
        </error>
        <error id="uninitMemberVar" severity="warning" msg="Member variable &apos;CLinearCoefficients::_dest_b&apos; is not initialized in the constructor." verbose="Member variable &apos;CLinearCoefficients::_dest_b&apos; is not initialized in the constructor." cwe="398" file0="src/global_timestamp_reader.cpp">
            <location file="src/global_timestamp_reader.cpp" line="24" column="26"/>
        </error>
        <error id="uninitMemberVar" severity="warning" msg="Member variable &apos;CLinearCoefficients::_prev_time&apos; is not initialized in the constructor." verbose="Member variable &apos;CLinearCoefficients::_prev_time&apos; is not initialized in the constructor." cwe="398" file0="src/global_timestamp_reader.cpp">
            <location file="src/global_timestamp_reader.cpp" line="24" column="26"/>
        </error>
        <error id="uninitMemberVar" severity="warning" msg="Member variable &apos;CLinearCoefficients::_last_request_time&apos; is not initialized in the constructor." verbose="Member variable &apos;CLinearCoefficients::_last_request_time&apos; is not initialized in the constructor." cwe="398" file0="src/global_timestamp_reader.cpp">
            <location file="src/global_timestamp_reader.cpp" line="24" column="26"/>
        </error>
        <error id="containerOutOfBounds" severity="warning" msg="Either the condition &apos;current_subpreset.size()&gt;0&apos; is redundant or current_subpreset size can be 1. Expression &apos;current_subpreset[1]&apos; cause access out of bounds." verbose="Either the condition &apos;current_subpreset.size()&gt;0&apos; is redundant or current_subpreset size can be 1. Expression &apos;current_subpreset[1]&apos; cause access out of bounds." cwe="398" file0="src/hdr-config.cpp">
            <location file="src/hdr-config.cpp" line="72" column="57" info="Access out of bounds"/>
            <location file="src/hdr-config.cpp" line="70" column="38" info="Assuming that condition &apos;current_subpreset.size()&gt;0&apos; is not redundant"/>
        </error>
        <error id="uninitMemberVar" severity="warning" msg="Member variable &apos;RSUsageEnvironment::buffer&apos; is not initialized in the constructor." verbose="Member variable &apos;RSUsageEnvironment::buffer&apos; is not initialized in the constructor." cwe="398" file0="src/ipDeviceCommon/RsUsageEnvironment.cpp">
            <location file="src/ipDeviceCommon/RsUsageEnvironment.cpp" line="12" column="21"/>
        </error>
        <error id="uninitMemberVar" severity="warning" msg="Member variable &apos;RSUsageEnvironment::ptr&apos; is not initialized in the constructor." verbose="Member variable &apos;RSUsageEnvironment::ptr&apos; is not initialized in the constructor." cwe="398" file0="src/ipDeviceCommon/RsUsageEnvironment.cpp">
            <location file="src/ipDeviceCommon/RsUsageEnvironment.cpp" line="12" column="21"/>
        </error>
        <error id="uninitMemberVar" severity="warning" msg="Member variable &apos;RSUsageEnvironment::netdev_log&apos; is not initialized in the constructor." verbose="Member variable &apos;RSUsageEnvironment::netdev_log&apos; is not initialized in the constructor." cwe="398" file0="src/ipDeviceCommon/RsUsageEnvironment.cpp">
            <location file="src/ipDeviceCommon/RsUsageEnvironment.cpp" line="12" column="21"/>
        </error>
        <error id="uninitMemberVar" severity="warning" msg="Member variable &apos;RSUsageEnvironment::lrs_log&apos; is not initialized in the constructor." verbose="Member variable &apos;RSUsageEnvironment::lrs_log&apos; is not initialized in the constructor." cwe="398" file0="src/ipDeviceCommon/RsUsageEnvironment.cpp">
            <location file="src/ipDeviceCommon/RsUsageEnvironment.cpp" line="12" column="21"/>
        </error>
        <error id="duplInheritedMember" severity="warning" msg="The class &apos;l500_color_sensor&apos; defines member variable with name &apos;_owner&apos; also defined in its parent class &apos;sensor_base&apos;." verbose="The class &apos;l500_color_sensor&apos; defines member variable with name &apos;_owner&apos; also defined in its parent class &apos;sensor_base&apos;." cwe="398" file0="src/l500/l500-color.cpp">
            <location file="src/l500/l500-color.h" line="128" column="27" info="Derived variable &apos;l500_color_sensor::_owner&apos;"/>
            <location file="src/sensor.h" line="123" column="17" info="Parent variable &apos;sensor_base::_owner&apos;"/>
        </error>
        <error id="duplInheritedMember" severity="warning" msg="The class &apos;zero_order&apos; defines member variable with name &apos;_options&apos; also defined in its parent class &apos;options_container&apos;." verbose="The class &apos;zero_order&apos; defines member variable with name &apos;_options&apos; also defined in its parent class &apos;options_container&apos;." cwe="398" file0="src/l500/l500-depth.cpp">
            <location file="src/proc/zero-order.h" line="75" column="37" info="Derived variable &apos;zero_order::_options&apos;"/>
            <location file="src/core/options.h" line="125" column="55" info="Parent variable &apos;options_container::_options&apos;"/>
        </error>
        <error id="virtualCallInConstructor" severity="style" msg="Virtual function &apos;configure_depth_options&apos; is called from constructor &apos;l500_device(std::shared_ptr&lt;context&gt;ctx,const platform::backend_device_group&amp;group)&apos; at line 141. Dynamic binding is not used." verbose="Virtual function &apos;configure_depth_options&apos; is called from constructor &apos;l500_device(std::shared_ptr&lt;context&gt;ctx,const platform::backend_device_group&amp;group)&apos; at line 141. Dynamic binding is not used." file0="src/l500/l500-device.cpp">
            <location file="src/l500/l500-device.h" line="38" column="22" info="configure_depth_options is a virtual function"/>
            <location file="src/l500/l500-device.cpp" line="141" column="9" info="Calling configure_depth_options"/>
        </error>
        <error id="uninitMemberVar" severity="warning" msg="Member variable &apos;l500_hw_options::_width&apos; is not initialized in the constructor." verbose="Member variable &apos;l500_hw_options::_width&apos; is not initialized in the constructor." cwe="398" file0="src/l500/l500-options.cpp">
            <location file="src/l500/l500-options.cpp" line="62" column="22"/>
        </error>
        <error id="uninitMemberVar" severity="warning" msg="Member variable &apos;l500_hw_options::_height&apos; is not initialized in the constructor." verbose="Member variable &apos;l500_hw_options::_height&apos; is not initialized in the constructor." cwe="398" file0="src/l500/l500-options.cpp">
            <location file="src/l500/l500-options.cpp" line="62" column="22"/>
        </error>
        <error id="duplInheritedMember" severity="warning" msg="The class &apos;l500_hid_sensor&apos; defines member variable with name &apos;_owner&apos; also defined in its parent class &apos;sensor_base&apos;." verbose="The class &apos;l500_hid_sensor&apos; defines member variable with name &apos;_owner&apos; also defined in its parent class &apos;sensor_base&apos;." cwe="398" file0="src/l500/l500-motion.cpp">
            <location file="src/l500/l500-motion.cpp" line="96" column="28" info="Derived variable &apos;l500_hid_sensor::_owner&apos;"/>
            <location file="src/sensor.h" line="123" column="17" info="Parent variable &apos;sensor_base::_owner&apos;"/>
        </error>
        <error id="uninitDerivedMemberVar" severity="warning" msg="Member variable &apos;usb_request_base::_client_data&apos; is not initialized in the constructor. Maybe it should be initialized directly in the class usb_request_base?" verbose="Member variable &apos;usb_request_base::_client_data&apos; is not initialized in the constructor. Maybe it should be initialized directly in the class usb_request_base?" cwe="398" file0="src/libusb/request-libusb.cpp">
            <location file="src/libusb/request-libusb.cpp" line="27" column="29"/>
        </error>
        <error id="virtualCallInConstructor" severity="style" msg="Virtual function &apos;stop&apos; is called from destructor &apos;~polling_device_watcher()&apos; at line 27. Dynamic binding is not used." verbose="Virtual function &apos;stop&apos; is called from destructor &apos;~polling_device_watcher()&apos; at line 27. Dynamic binding is not used." file0="src/libuvc/rsusb-backend-linux.cpp">
            <location file="src/polling-device-watcher.h" line="57" column="10" info="stop is a virtual function"/>
            <location file="src/polling-device-watcher.h" line="27" column="33" info="Calling stop"/>
        </error>
        <error id="virtualCallInConstructor" severity="style" msg="Virtual function &apos;stop&apos; is called from destructor &apos;~udev_device_watcher()&apos; at line 182. Dynamic binding is not used." verbose="Virtual function &apos;stop&apos; is called from destructor &apos;~udev_device_watcher()&apos; at line 182. Dynamic binding is not used." file0="src/linux/udev-device-watcher.cpp">
            <location file="src/linux/udev-device-watcher.h" line="44" column="10" info="stop is a virtual function"/>
            <location file="src/linux/udev-device-watcher.cpp" line="182" column="5" info="Calling stop"/>
        </error>
        <error id="virtualCallInConstructor" severity="style" msg="Virtual function &apos;reset&apos; is called from constructor &apos;ros_reader(const std::string&amp;file,const std::shared_ptr&lt;context&gt;&amp;ctx)&apos; at line 39. Dynamic binding is not used." verbose="Virtual function &apos;reset&apos; is called from constructor &apos;ros_reader(const std::string&amp;file,const std::shared_ptr&lt;context&gt;&amp;ctx)&apos; at line 39. Dynamic binding is not used." file0="src/media/ros/ros_reader.cpp">
            <location file="src/media/ros/ros_reader.h" line="26" column="14" info="reset is a virtual function"/>
            <location file="src/media/ros/ros_reader.cpp" line="39" column="13" info="Calling reset"/>
        </error>
        <error id="uninitMemberVar" severity="warning" msg="Member variable &apos;disparity_transform::_stereoscopic_depth&apos; is not initialized in the constructor." verbose="Member variable &apos;disparity_transform::_stereoscopic_depth&apos; is not initialized in the constructor." cwe="398" file0="src/proc/disparity-transform.cpp">
            <location file="src/proc/disparity-transform.cpp" line="18" column="26"/>
        </error>
        <error id="uninitMemberVar" severity="warning" msg="Member variable &apos;disparity_transform::_stereo_baseline_meter&apos; is not initialized in the constructor." verbose="Member variable &apos;disparity_transform::_stereo_baseline_meter&apos; is not initialized in the constructor." cwe="398" file0="src/proc/disparity-transform.cpp">
            <location file="src/proc/disparity-transform.cpp" line="18" column="26"/>
        </error>
        <error id="uninitMemberVar" severity="warning" msg="Member variable &apos;disparity_transform::_d2d_convert_factor&apos; is not initialized in the constructor." verbose="Member variable &apos;disparity_transform::_d2d_convert_factor&apos; is not initialized in the constructor." cwe="398" file0="src/proc/disparity-transform.cpp">
            <location file="src/proc/disparity-transform.cpp" line="18" column="26"/>
        </error>
        <error id="uninitMemberVar" severity="warning" msg="Member variable &apos;occlusion_filter::_depth_units&apos; is not initialized in the constructor." verbose="Member variable &apos;occlusion_filter::_depth_units&apos; is not initialized in the constructor." cwe="398" file0="src/proc/occlusion-filter.cpp">
            <location file="src/proc/occlusion-filter.cpp" line="16" column="23"/>
        </error>
        <error id="funcArgOrderDifferent" severity="warning" msg="Function &apos;process_function&apos; argument order different: declaration &apos;dest, source, width, height, actual_size, input_size&apos; definition &apos;dest, source, width, height, output_size, actual_size&apos;" verbose="Function &apos;process_function&apos; argument order different: declaration &apos;dest, source, width, height, actual_size, input_size&apos; definition &apos;dest, source, width, height, output_size, actual_size&apos;" cwe="683" file0="src/proc/motion-transform.cpp">
            <location file="src/proc/motion-transform.cpp" line="182" column="62"/>
            <location file="src/proc/motion-transform.h" line="46" column="44"/>
        </error>
        <error id="funcArgOrderDifferent" severity="warning" msg="Function &apos;process_function&apos; argument order different: declaration &apos;dest, source, width, height, actual_size, input_size&apos; definition &apos;dest, source, width, height, output_size, actual_size&apos;" verbose="Function &apos;process_function&apos; argument order different: declaration &apos;dest, source, width, height, actual_size, input_size&apos; definition &apos;dest, source, width, height, output_size, actual_size&apos;" cwe="683" file0="src/proc/motion-transform.cpp">
            <location file="src/proc/motion-transform.cpp" line="208" column="64"/>
            <location file="src/proc/motion-transform.h" line="60" column="44"/>
        </error>
        <error id="funcArgOrderDifferent" severity="warning" msg="Function &apos;process_function&apos; argument order different: declaration &apos;dest, source, width, height, actual_size, input_size&apos; definition &apos;dest, source, width, height, output_size, actual_size&apos;" verbose="Function &apos;process_function&apos; argument order different: declaration &apos;dest, source, width, height, actual_size, input_size&apos; definition &apos;dest, source, width, height, output_size, actual_size&apos;" cwe="683" file0="src/proc/motion-transform.cpp">
            <location file="src/proc/motion-transform.cpp" line="221" column="61"/>
            <location file="src/proc/motion-transform.h" line="71" column="44"/>
        </error>
        <error id="uninitMemberVar" severity="warning" msg="Member variable &apos;units_transform::_width&apos; is not initialized in the constructor." verbose="Member variable &apos;units_transform::_width&apos; is not initialized in the constructor." cwe="398" file0="src/proc/units-transform.cpp">
            <location file="src/proc/units-transform.cpp" line="13" column="22"/>
        </error>
        <error id="uninitMemberVar" severity="warning" msg="Member variable &apos;units_transform::_height&apos; is not initialized in the constructor." verbose="Member variable &apos;units_transform::_height&apos; is not initialized in the constructor." cwe="398" file0="src/proc/units-transform.cpp">
            <location file="src/proc/units-transform.cpp" line="13" column="22"/>
        </error>
        <error id="uninitMemberVar" severity="warning" msg="Member variable &apos;units_transform::_stride&apos; is not initialized in the constructor." verbose="Member variable &apos;units_transform::_stride&apos; is not initialized in the constructor." cwe="398" file0="src/proc/units-transform.cpp">
            <location file="src/proc/units-transform.cpp" line="13" column="22"/>
        </error>
        <error id="uninitMemberVar" severity="warning" msg="Member variable &apos;units_transform::_bpp&apos; is not initialized in the constructor." verbose="Member variable &apos;units_transform::_bpp&apos; is not initialized in the constructor." cwe="398" file0="src/proc/units-transform.cpp">
            <location file="src/proc/units-transform.cpp" line="13" column="22"/>
        </error>
        <error id="virtualCallInConstructor" severity="style" msg="Virtual function &apos;register_metadata&apos; is called from constructor &apos;sensor_base(std::string name,device*device,recommended_proccesing_blocks_interface*owner)&apos; at line 69. Dynamic binding is not used." verbose="Virtual function &apos;register_metadata&apos; is called from constructor &apos;sensor_base(std::string name,device*device,recommended_proccesing_blocks_interface*owner)&apos; at line 69. Dynamic binding is not used." file0="src/sensor.cpp">
            <location file="src/sensor.h" line="67" column="22" info="register_metadata is a virtual function"/>
            <location file="src/sensor.cpp" line="69" column="9" info="Calling register_metadata"/>
        </error>
        <error id="virtualCallInConstructor" severity="style" msg="Virtual function &apos;stop&apos; is called from destructor &apos;~hid_sensor()&apos; at line 856. Dynamic binding is not used." verbose="Virtual function &apos;stop&apos; is called from destructor &apos;~hid_sensor()&apos; at line 856. Dynamic binding is not used." file0="src/sensor.cpp">
            <location file="src/sensor.h" line="304" column="14" info="stop is a virtual function"/>
            <location file="src/sensor.cpp" line="856" column="17" info="Calling stop"/>
        </error>
        <error id="virtualCallInConstructor" severity="style" msg="Virtual function &apos;close&apos; is called from destructor &apos;~hid_sensor()&apos; at line 859. Dynamic binding is not used." verbose="Virtual function &apos;close&apos; is called from destructor &apos;~hid_sensor()&apos; at line 859. Dynamic binding is not used." file0="src/sensor.cpp">
            <location file="src/sensor.h" line="302" column="14" info="close is a virtual function"/>
            <location file="src/sensor.cpp" line="859" column="17" info="Calling close"/>
        </error>
        <error id="virtualCallInConstructor" severity="style" msg="Virtual function &apos;reset&apos; is called from constructor &apos;iio_hid_timestamp_reader()&apos; at line 1133. Dynamic binding is not used." verbose="Virtual function &apos;reset&apos; is called from constructor &apos;iio_hid_timestamp_reader()&apos; at line 1133. Dynamic binding is not used." file0="src/sensor.cpp">
            <location file="src/sensor.h" line="278" column="14" info="reset is a virtual function"/>
            <location file="src/sensor.cpp" line="1133" column="9" info="Calling reset"/>
        </error>
        <error id="virtualCallInConstructor" severity="style" msg="Virtual function &apos;stop&apos; is called from destructor &apos;~synthetic_sensor()&apos; at line 1237. Dynamic binding is not used." verbose="Virtual function &apos;stop&apos; is called from destructor &apos;~synthetic_sensor()&apos; at line 1237. Dynamic binding is not used." file0="src/sensor.cpp">
            <location file="src/sensor.h" line="222" column="14" info="stop is a virtual function"/>
            <location file="src/sensor.cpp" line="1237" column="17" info="Calling stop"/>
        </error>
        <error id="virtualCallInConstructor" severity="style" msg="Virtual function &apos;close&apos; is called from destructor &apos;~synthetic_sensor()&apos; at line 1240. Dynamic binding is not used." verbose="Virtual function &apos;close&apos; is called from destructor &apos;~synthetic_sensor()&apos; at line 1240. Dynamic binding is not used." file0="src/sensor.cpp">
            <location file="src/sensor.h" line="220" column="14" info="close is a virtual function"/>
            <location file="src/sensor.cpp" line="1240" column="17" info="Calling close"/>
        </error>
        <error id="uninitDerivedMemberVar" severity="warning" msg="Member variable &apos;usb_request_base::_client_data&apos; is not initialized in the constructor. Maybe it should be initialized directly in the class usb_request_base?" verbose="Member variable &apos;usb_request_base::_client_data&apos; is not initialized in the constructor. Maybe it should be initialized directly in the class usb_request_base?" cwe="398" file0="src/usbhost/request-usbhost.cpp">
            <location file="src/usbhost/request-usbhost.cpp" line="12" column="30"/>
        </error>
        <error id="uninitMemberVar" severity="warning" msg="Member variable &apos;stabilized_value &lt; double &gt;::_last_stable_percentage&apos; is not initialized in the constructor." verbose="Member variable &apos;stabilized_value &lt; double &gt;::_last_stable_percentage&apos; is not initialized in the constructor." cwe="398" file0="third-party/rsutils/py/pyrsutils.cpp">
            <location file="third-party/rsutils/include/rsutils/number/stabilized-value.h" line="35" column="5"/>
        </error>
        <error id="uninitMemberVar" severity="warning" msg="Member variable &apos;wait_state_t::_value&apos; is not initialized in the constructor." verbose="Member variable &apos;wait_state_t::_value&apos; is not initialized in the constructor." cwe="398" file0="third-party/rsutils/src/dispatcher.cpp">
            <location file="third-party/rsutils/include/rsutils/time/waiting-on.h" line="43" column="9"/>
        </error>
        <error id="uninitMemberVar" severity="warning" msg="Member variable &apos;gl_test &lt; gl :: colorizer &gt;::_ptr&apos; is not initialized in the constructor." verbose="Member variable &apos;gl_test &lt; gl :: colorizer &gt;::_ptr&apos; is not initialized in the constructor." cwe="398" file0="tools/benchmark/rs-benchmark.cpp">
            <location file="tools/benchmark/rs-benchmark.cpp" line="124" column="5"/>
        </error>
        <error id="uninitMemberVar" severity="warning" msg="Member variable &apos;gl_test &lt; gl :: pointcloud &gt;::_ptr&apos; is not initialized in the constructor." verbose="Member variable &apos;gl_test &lt; gl :: pointcloud &gt;::_ptr&apos; is not initialized in the constructor." cwe="398" file0="tools/benchmark/rs-benchmark.cpp">
            <location file="tools/benchmark/rs-benchmark.cpp" line="124" column="5"/>
        </error>
        <error id="uninitMemberVar" severity="warning" msg="Member variable &apos;gl_test &lt; gl :: yuy_decoder &gt;::_ptr&apos; is not initialized in the constructor." verbose="Member variable &apos;gl_test &lt; gl :: yuy_decoder &gt;::_ptr&apos; is not initialized in the constructor." cwe="398" file0="tools/benchmark/rs-benchmark.cpp">
            <location file="tools/benchmark/rs-benchmark.cpp" line="124" column="5"/>
        </error>
        <error id="duplInheritedMember" severity="warning" msg="The class &apos;aggregator&apos; defines member variable with name &apos;_mutex&apos; also defined in its parent class &apos;processing_block&apos;." verbose="The class &apos;aggregator&apos; defines member variable with name &apos;_mutex&apos; also defined in its parent class &apos;processing_block&apos;." cwe="398" file0="src/rs.cpp">
            <location file="src/pipeline/aggregator.h" line="16" column="24" info="Derived variable &apos;aggregator::_mutex&apos;"/>
            <location file="src/proc/synthetic-stream.h" line="61" column="20" info="Parent variable &apos;processing_block::_mutex&apos;"/>
        </error>
        <error id="funcArgOrderDifferent" severity="warning" msg="Function &apos;rs2_software_sensor_set_metadata&apos; argument order different: declaration &apos;sensor, value, type, error&apos; definition &apos;sensor, key, value, error&apos;" verbose="Function &apos;rs2_software_sensor_set_metadata&apos; argument order different: declaration &apos;sensor, value, type, error&apos; definition &apos;sensor, key, value, error&apos;" cwe="683" file0="src/rs.cpp">
            <location file="src/rs.cpp" line="2604" column="51"/>
            <location file="include/librealsense2/h/rs_internal.h" line="229" column="51"/>
        </error>
        <error id="derefInvalidIteratorRedundantCheck" severity="warning" msg="Either the condition &apos;format!=formats.end()&apos; is redundant or there is possible dereference of an invalid iterator: format." verbose="Either the condition &apos;format!=formats.end()&apos; is redundant or there is possible dereference of an invalid iterator: format." cwe="825" file0="tools/enumerate-devices/rs-enumerate-devices.cpp">
            <location file="tools/enumerate-devices/rs-enumerate-devices.cpp" line="183" column="16" info="Dereference of an invalid iterator"/>
            <location file="tools/enumerate-devices/rs-enumerate-devices.cpp" line="183" column="35" info="Assuming that condition &apos;format!=formats.end()&apos; is not redundant"/>
        </error>
        <error id="uninitMemberVar" severity="warning" msg="Member variable &apos;metrics_recorder::_metrics&apos; is not initialized in the constructor." verbose="Member variable &apos;metrics_recorder::_metrics&apos; is not initialized in the constructor." cwe="398" file0="tools/depth-quality/rs-depth-quality.cpp">
            <location file="tools/depth-quality/depth-quality-model.h" line="44" column="13"/>
        </error>
        <error id="uninitMemberVar" severity="warning" msg="Member variable &apos;tool_model::_last_texture&apos; is not initialized in the constructor." verbose="Member variable &apos;tool_model::_last_texture&apos; is not initialized in the constructor." cwe="398" file0="tools/depth-quality/depth-quality-model.cpp">
            <location file="tools/depth-quality/depth-quality-model.cpp" line="14" column="21"/>
        </error>
        <error id="duplInheritedMember" severity="warning" msg="The class &apos;post_processing_worker_filter&apos; defines member variable with name &apos;_queue&apos; also defined in its parent class &apos;filter&apos;." verbose="The class &apos;post_processing_worker_filter&apos; defines member variable with name &apos;_queue&apos; also defined in its parent class &apos;filter&apos;." cwe="398" file0="tools/realsense-viewer/openvino-face-detection.cpp">
            <location file="common/post-processing-worker-filter.h" line="16" column="22" info="Derived variable &apos;post_processing_worker_filter::_queue&apos;"/>
            <location file="include/librealsense2/hpp/rs_processing.hpp" line="424" column="21" info="Parent variable &apos;filter::_queue&apos;"/>
        </error>
    </errors>
</results>
